{"numFailedTestSuites":0,"numFailedTests":0,"numPassedTestSuites":1,"numPassedTests":3,"numPendingTestSuites":0,"numPendingTests":0,"numRuntimeErrorTestSuites":0,"numTodoTests":0,"numTotalTestSuites":1,"numTotalTests":3,"openHandles":[],"snapshot":{"added":0,"didUpdate":false,"failure":false,"filesAdded":0,"filesRemoved":0,"filesRemovedList":[],"filesUnmatched":0,"filesUpdated":0,"matched":0,"total":0,"unchecked":0,"uncheckedKeysByFile":[],"unmatched":0,"updated":0},"startTime":1715755695300,"success":true,"testResults":[{"assertionResults":[{"ancestorTitles":[],"failureMessages":[],"fullName":"Testcase - 1","location":null,"status":"passed","title":"Testcase - 1"},{"ancestorTitles":[],"failureMessages":[],"fullName":"Testcase - 2","location":null,"status":"passed","title":"Testcase - 2"},{"ancestorTitles":[],"failureMessages":[],"fullName":"Testcase - 3","location":null,"status":"passed","title":"Testcase - 3"}],"endTime":1715755700131,"message":"","name":"C:\\Users\\JayeshChauhan\\Documents\\AutoEvaluation\\AutoEvaluation\\autotester\\fetchFolder\\sample2\\src\\App.test.js","startTime":1715755697549,"status":"passed","summary":""}],"wasInterrupted":false}