{"numFailedTestSuites":1,"numFailedTests":1,"numPassedTestSuites":0,"numPassedTests":2,"numPendingTestSuites":0,"numPendingTests":0,"numRuntimeErrorTestSuites":0,"numTodoTests":0,"numTotalTestSuites":1,"numTotalTests":3,"openHandles":[],"snapshot":{"added":0,"didUpdate":false,"failure":false,"filesAdded":0,"filesRemoved":0,"filesRemovedList":[],"filesUnmatched":0,"filesUpdated":0,"matched":0,"total":0,"unchecked":0,"uncheckedKeysByFile":[],"unmatched":0,"updated":0},"startTime":1714556713052,"success":false,"testResults":[{"assertionResults":[{"ancestorTitles":[],"failureMessages":[],"fullName":"Testcase - 1","location":null,"status":"passed","title":"Testcase - 1"},{"ancestorTitles":[],"failureMessages":["TestingLibraryElementError: Unable to find an element with the text: /This is scond test Case/i. This could be because the text is broken up by multiple elements. In this case, you can provide a function for your text matcher to make your matcher more flexible.\n\nIgnored nodes: comments, script, style\n\u001b[36m<body>\u001b[39m\n  \u001b[36m<div>\u001b[39m\n    \u001b[36m<div\u001b[39m\n      \u001b[33mclass\u001b[39m=\u001b[32m\"App main-container\"\u001b[39m\n    \u001b[36m>\u001b[39m\n      \u001b[36m<h1\u001b[39m\n        \u001b[33mdata-test\u001b[39m=\u001b[32m\"header-1\"\u001b[39m\n      \u001b[36m>\u001b[39m\n        \u001b[0mThis is first test Case\u001b[0m\n      \u001b[36m</h1>\u001b[39m\n      \u001b[36m<h2\u001b[39m\n        \u001b[33mdata-test\u001b[39m=\u001b[32m\"header-2\"\u001b[39m\n      \u001b[36m>\u001b[39m\n        \u001b[0mThis is second test Case\u001b[0m\n      \u001b[36m</h2>\u001b[39m\n      \u001b[36m<h3\u001b[39m\n        \u001b[33mdata-test\u001b[39m=\u001b[32m\"header-3\"\u001b[39m\n      \u001b[36m>\u001b[39m\n        \u001b[0mThis is third test Case\u001b[0m\n      \u001b[36m</h3>\u001b[39m\n    \u001b[36m</div>\u001b[39m\n  \u001b[36m</div>\u001b[39m\n\u001b[36m</body>\u001b[39m\n    at Object.getElementError (C:\\Users\\JayeshChauhan\\Documents\\AutoEvaluation\\AutoEvaluation\\autotester\\fetchFolder\\sample2\\node_modules\\@testing-library\\react\\node_modules\\@testing-library\\dom\\dist\\config.js:37:19)\n    at C:\\Users\\JayeshChauhan\\Documents\\AutoEvaluation\\AutoEvaluation\\autotester\\fetchFolder\\sample2\\node_modules\\@testing-library\\react\\node_modules\\@testing-library\\dom\\dist\\query-helpers.js:76:38\n    at C:\\Users\\JayeshChauhan\\Documents\\AutoEvaluation\\AutoEvaluation\\autotester\\fetchFolder\\sample2\\node_modules\\@testing-library\\react\\node_modules\\@testing-library\\dom\\dist\\query-helpers.js:52:17\n    at getByText (C:\\Users\\JayeshChauhan\\Documents\\AutoEvaluation\\AutoEvaluation\\autotester\\fetchFolder\\sample2\\node_modules\\@testing-library\\react\\node_modules\\@testing-library\\dom\\dist\\query-helpers.js:95:19)\n    at Object.<anonymous> (C:\\Users\\JayeshChauhan\\Documents\\AutoEvaluation\\AutoEvaluation\\autotester\\fetchFolder\\sample2\\src\\App.test.js:12:30)\n    at Promise.then.completed (C:\\Users\\JayeshChauhan\\Documents\\AutoEvaluation\\AutoEvaluation\\autotester\\fetchFolder\\sample2\\node_modules\\jest-circus\\build\\utils.js:391:28)\n    at new Promise (<anonymous>)\n    at callAsyncCircusFn (C:\\Users\\JayeshChauhan\\Documents\\AutoEvaluation\\AutoEvaluation\\autotester\\fetchFolder\\sample2\\node_modules\\jest-circus\\build\\utils.js:316:10)\n    at _callCircusTest (C:\\Users\\JayeshChauhan\\Documents\\AutoEvaluation\\AutoEvaluation\\autotester\\fetchFolder\\sample2\\node_modules\\jest-circus\\build\\run.js:218:40)\n    at _runTest (C:\\Users\\JayeshChauhan\\Documents\\AutoEvaluation\\AutoEvaluation\\autotester\\fetchFolder\\sample2\\node_modules\\jest-circus\\build\\run.js:155:3)\n    at _runTestsForDescribeBlock (C:\\Users\\JayeshChauhan\\Documents\\AutoEvaluation\\AutoEvaluation\\autotester\\fetchFolder\\sample2\\node_modules\\jest-circus\\build\\run.js:66:9)\n    at run (C:\\Users\\JayeshChauhan\\Documents\\AutoEvaluation\\AutoEvaluation\\autotester\\fetchFolder\\sample2\\node_modules\\jest-circus\\build\\run.js:25:3)\n    at runAndTransformResultsToJestFormat (C:\\Users\\JayeshChauhan\\Documents\\AutoEvaluation\\AutoEvaluation\\autotester\\fetchFolder\\sample2\\node_modules\\jest-circus\\build\\legacy-code-todo-rewrite\\jestAdapterInit.js:170:21)\n    at jestAdapter (C:\\Users\\JayeshChauhan\\Documents\\AutoEvaluation\\AutoEvaluation\\autotester\\fetchFolder\\sample2\\node_modules\\jest-circus\\build\\legacy-code-todo-rewrite\\jestAdapter.js:82:19)\n    at runTestInternal (C:\\Users\\JayeshChauhan\\Documents\\AutoEvaluation\\AutoEvaluation\\autotester\\fetchFolder\\sample2\\node_modules\\jest-runner\\build\\runTest.js:389:16)\n    at runTest (C:\\Users\\JayeshChauhan\\Documents\\AutoEvaluation\\AutoEvaluation\\autotester\\fetchFolder\\sample2\\node_modules\\jest-runner\\build\\runTest.js:475:34)\n    at TestRunner.runTests (C:\\Users\\JayeshChauhan\\Documents\\AutoEvaluation\\AutoEvaluation\\autotester\\fetchFolder\\sample2\\node_modules\\jest-runner\\build\\index.js:101:12)\n    at TestScheduler.scheduleTests (C:\\Users\\JayeshChauhan\\Documents\\AutoEvaluation\\AutoEvaluation\\autotester\\fetchFolder\\sample2\\node_modules\\@jest\\core\\build\\TestScheduler.js:333:13)\n    at runJest (C:\\Users\\JayeshChauhan\\Documents\\AutoEvaluation\\AutoEvaluation\\autotester\\fetchFolder\\sample2\\node_modules\\@jest\\core\\build\\runJest.js:404:19)\n    at _run10000 (C:\\Users\\JayeshChauhan\\Documents\\AutoEvaluation\\AutoEvaluation\\autotester\\fetchFolder\\sample2\\node_modules\\@jest\\core\\build\\cli\\index.js:320:7)\n    at runCLI (C:\\Users\\JayeshChauhan\\Documents\\AutoEvaluation\\AutoEvaluation\\autotester\\fetchFolder\\sample2\\node_modules\\@jest\\core\\build\\cli\\index.js:173:3)\n    at Object.run (C:\\Users\\JayeshChauhan\\Documents\\AutoEvaluation\\AutoEvaluation\\autotester\\fetchFolder\\sample2\\node_modules\\jest-cli\\build\\cli\\index.js:155:37)"],"fullName":"Testcase - 2","location":null,"status":"failed","title":"Testcase - 2"},{"ancestorTitles":[],"failureMessages":[],"fullName":"Testcase - 3","location":null,"status":"passed","title":"Testcase - 3"}],"endTime":1714556714851,"message":"  ● Testcase - 2\n\n    TestingLibraryElementError: Unable to find an element with the text: /This is scond test Case/i. This could be because the text is broken up by multiple elements. In this case, you can provide a function for your text matcher to make your matcher more flexible.\n\n    Ignored nodes: comments, script, style\n    \u001b[36m<body>\u001b[39m\n      \u001b[36m<div>\u001b[39m\n        \u001b[36m<div\u001b[39m\n          \u001b[33mclass\u001b[39m=\u001b[32m\"App main-container\"\u001b[39m\n        \u001b[36m>\u001b[39m\n          \u001b[36m<h1\u001b[39m\n            \u001b[33mdata-test\u001b[39m=\u001b[32m\"header-1\"\u001b[39m\n          \u001b[36m>\u001b[39m\n            \u001b[0mThis is first test Case\u001b[0m\n          \u001b[36m</h1>\u001b[39m\n          \u001b[36m<h2\u001b[39m\n            \u001b[33mdata-test\u001b[39m=\u001b[32m\"header-2\"\u001b[39m\n          \u001b[36m>\u001b[39m\n            \u001b[0mThis is second test Case\u001b[0m\n          \u001b[36m</h2>\u001b[39m\n          \u001b[36m<h3\u001b[39m\n            \u001b[33mdata-test\u001b[39m=\u001b[32m\"header-3\"\u001b[39m\n          \u001b[36m>\u001b[39m\n            \u001b[0mThis is third test Case\u001b[0m\n          \u001b[36m</h3>\u001b[39m\n        \u001b[36m</div>\u001b[39m\n      \u001b[36m</div>\u001b[39m\n    \u001b[36m</body>\u001b[39m\n\n    \u001b[0m \u001b[90m 10 |\u001b[39m test(\u001b[32m'Testcase - 2'\u001b[39m\u001b[33m,\u001b[39m () \u001b[33m=>\u001b[39m {\n     \u001b[90m 11 |\u001b[39m   render(\u001b[33m<\u001b[39m\u001b[33mApp\u001b[39m \u001b[33m/\u001b[39m\u001b[33m>\u001b[39m)\u001b[33m;\u001b[39m\n    \u001b[31m\u001b[1m>\u001b[22m\u001b[39m\u001b[90m 12 |\u001b[39m   \u001b[36mconst\u001b[39m linkElement \u001b[33m=\u001b[39m screen\u001b[33m.\u001b[39mgetByText(\u001b[35m/This is scond test Case/i\u001b[39m)\u001b[33m;\u001b[39m\n     \u001b[90m    |\u001b[39m                              \u001b[31m\u001b[1m^\u001b[22m\u001b[39m\n     \u001b[90m 13 |\u001b[39m   expect(linkElement)\u001b[33m.\u001b[39mtoBeInTheDocument()\u001b[33m;\u001b[39m\n     \u001b[90m 14 |\u001b[39m })\u001b[33m;\u001b[39m\n     \u001b[90m 15 |\u001b[39m\u001b[0m\n\n      at Object.getElementError (node_modules/@testing-library/react/node_modules/@testing-library/dom/dist/config.js:37:19)\n      at node_modules/@testing-library/react/node_modules/@testing-library/dom/dist/query-helpers.js:76:38\n      at node_modules/@testing-library/react/node_modules/@testing-library/dom/dist/query-helpers.js:52:17\n      at getByText (node_modules/@testing-library/react/node_modules/@testing-library/dom/dist/query-helpers.js:95:19)\n      at Object.<anonymous> (src/App.test.js:12:30)\n      at TestScheduler.scheduleTests (node_modules/@jest/core/build/TestScheduler.js:333:13)\n      at runJest (node_modules/@jest/core/build/runJest.js:404:19)\n      at _run10000 (node_modules/@jest/core/build/cli/index.js:320:7)\n      at runCLI (node_modules/@jest/core/build/cli/index.js:173:3)\n","name":"C:\\Users\\JayeshChauhan\\Documents\\AutoEvaluation\\AutoEvaluation\\autotester\\fetchFolder\\sample2\\src\\App.test.js","startTime":1714556713781,"status":"failed","summary":""}],"wasInterrupted":false}